# JRE version: Java(TM) SE Runtime Environment (8.0-b118) (build 1.8.0-ea-b118)
# Java VM: Java HotSpot(TM) 64-Bit Server VM (25.0-b60 mixed mode windows-amd64 compressed oops)
Heap:
 PSYoungGen      total 1536K, used 1152K [0x000000076b000000, 0x000000076b280000, 0x00000007c0000000)
  eden space 1024K, 100% used [0x000000076b000000,0x000000076b100000,0x000000076b100000)
  from space 512K, 25% used [0x000000076b200000,0x000000076b220000,0x000000076b280000)
  to   space 512K, 0% used [0x000000076b180000,0x000000076b180000,0x000000076b200000)
 ParOldGen       total 260608K, used 1010K [0x00000006c1000000, 0x00000006d0e80000, 0x000000076b000000)
  object space 260608K, 0% used [0x00000006c1000000,0x00000006c10fc8f0,0x00000006d0e80000)
 Metaspace       used 4619K, capacity 4794K, committed 4992K, reserved 1056768K
  class space    used 503K, capacity 554K, committed 640K, reserved 1048576K
GC Heap History (10 events):
Event: 6381.114 GC heap before
{Heap before GC invocations=68 (full 0):
 PSYoungGen      total 1536K, used 1088K [0x000000076b000000, 0x000000076b280000, 0x00000007c0000000)
  eden space 1024K, 100% used [0x000000076b000000,0x000000076b100000,0x000000076b100000)
  from space 512K, 12% used [0x000000076b180000,0x000000076b190000,0x000000076b200000)
  to   space 512K, 0% used [0x000000076b200000,0x000000076b200000,0x000000076b280000)
 ParOldGen       total 260608K, used 1010K [0x00000006c1000000, 0x00000006d0e80000, 0x000000076b000000)
  object space 260608K, 0% used [0x00000006c1000000,0x00000006c10fc8f0,0x00000006d0e80000)
 Metaspace       used 4619K, capacity 4794K, committed 4992K, reserved 1056768K
  class space    used 503K, capacity 554K, committed 640K, reserved 1048576K
Event: 6381.115 GC heap after
Heap after GC invocations=68 (full 0):
 PSYoungGen      total 1536K, used 96K [0x000000076b000000, 0x000000076b280000, 0x00000007c0000000)
  eden space 1024K, 0% used [0x000000076b000000,0x000000076b000000,0x000000076b100000)
  from space 512K, 18% used [0x000000076b200000,0x000000076b218000,0x000000076b280000)
  to   space 512K, 0% used [0x000000076b180000,0x000000076b180000,0x000000076b200000)
 ParOldGen       total 260608K, used 1010K [0x00000006c1000000, 0x00000006d0e80000, 0x000000076b000000)
  object space 260608K, 0% used [0x00000006c1000000,0x00000006c10fc8f0,0x00000006d0e80000)
 Metaspace       used 4619K, capacity 4794K, committed 4992K, reserved 1056768K
  class space    used 503K, capacity 554K, committed 640K, reserved 1048576K
}
Event: 6479.358 GC heap before
{Heap before GC invocations=69 (full 0):
 PSYoungGen      total 1536K, used 1120K [0x000000076b000000, 0x000000076b280000, 0x00000007c0000000)
  eden space 1024K, 100% used [0x000000076b000000,0x000000076b100000,0x000000076b100000)
  from space 512K, 18% used [0x000000076b200000,0x000000076b218000,0x000000076b280000)
  to   space 512K, 0% used [0x000000076b180000,0x000000076b180000,0x000000076b200000)
 ParOldGen       total 260608K, used 1010K [0x00000006c1000000, 0x00000006d0e80000, 0x000000076b000000)
  object space 260608K, 0% used [0x00000006c1000000,0x00000006c10fc8f0,0x00000006d0e80000)
 Metaspace       used 4619K, capacity 4794K, committed 4992K, reserved 1056768K
  class space    used 503K, capacity 554K, committed 640K, reserved 1048576K
Event: 6479.359 GC heap after
Heap after GC invocations=69 (full 0):
 PSYoungGen      total 1536K, used 96K [0x000000076b000000, 0x000000076b280000, 0x00000007c0000000)
  eden space 1024K, 0% used [0x000000076b000000,0x000000076b000000,0x000000076b100000)
  from space 512K, 18% used [0x000000076b180000,0x000000076b198000,0x000000076b200000)
  to   space 512K, 0% used [0x000000076b200000,0x000000076b200000,0x000000076b280000)
 ParOldGen       total 260608K, used 1010K [0x00000006c1000000, 0x00000006d0e80000, 0x000000076b000000)
  object space 260608K, 0% used [0x00000006c1000000,0x00000006c10fc8f0,0x00000006d0e80000)
 Metaspace       used 4619K, capacity 4794K, committed 4992K, reserved 1056768K
  class space    used 503K, capacity 554K, committed 640K, reserved 1048576K
}
Event: 6577.496 GC heap before
{Heap before GC invocations=70 (full 0):
 PSYoungGen      total 1536K, used 1120K [0x000000076b000000, 0x000000076b280000, 0x00000007c0000000)
  eden space 1024K, 100% used [0x000000076b000000,0x000000076b100000,0x000000076b100000)
  from space 512K, 18% used [0x000000076b180000,0x000000076b198000,0x000000076b200000)
  to   space 512K, 0% used [0x000000076b200000,0x000000076b200000,0x000000076b280000)
 ParOldGen       total 260608K, used 1010K [0x00000006c1000000, 0x00000006d0e80000, 0x000000076b000000)
  object space 260608K, 0% used [0x00000006c1000000,0x00000006c10fc8f0,0x00000006d0e80000)
 Metaspace       used 4619K, capacity 4794K, committed 4992K, reserved 1056768K
  class space    used 503K, capacity 554K, committed 640K, reserved 1048576K
Event: 6577.497 GC heap after
Heap after GC invocations=70 (full 0):
 PSYoungGen      total 1536K, used 96K [0x000000076b000000, 0x000000076b280000, 0x00000007c0000000)
  eden space 1024K, 0% used [0x000000076b000000,0x000000076b000000,0x000000076b100000)
  from space 512K, 18% used [0x000000076b200000,0x000000076b218000,0x000000076b280000)
  to   space 512K, 0% used [0x000000076b180000,0x000000076b180000,0x000000076b200000)
 ParOldGen       total 260608K, used 1010K [0x00000006c1000000, 0x00000006d0e80000, 0x000000076b000000)
  object space 260608K, 0% used [0x00000006c1000000,0x00000006c10fc8f0,0x00000006d0e80000)
 Metaspace       used 4619K, capacity 4794K, committed 4992K, reserved 1056768K
  class space    used 503K, capacity 554K, committed 640K, reserved 1048576K
}
Event: 6674.975 GC heap before
{Heap before GC invocations=71 (full 0):
 PSYoungGen      total 1536K, used 1120K [0x000000076b000000, 0x000000076b280000, 0x00000007c0000000)
  eden space 1024K, 100% used [0x000000076b000000,0x000000076b100000,0x000000076b100000)
  from space 512K, 18% used [0x000000076b200000,0x000000076b218000,0x000000076b280000)
  to   space 512K, 0% used [0x000000076b180000,0x000000076b180000,0x000000076b200000)
 ParOldGen       total 260608K, used 1010K [0x00000006c1000000, 0x00000006d0e80000, 0x000000076b000000)
  object space 260608K, 0% used [0x00000006c1000000,0x00000006c10fc8f0,0x00000006d0e80000)
 Metaspace       used 4619K, capacity 4794K, committed 4992K, reserved 1056768K
  class space    used 503K, capacity 554K, committed 640K, reserved 1048576K
Event: 6674.976 GC heap after
Heap after GC invocations=71 (full 0):
 PSYoungGen      total 1536K, used 128K [0x000000076b000000, 0x000000076b280000, 0x00000007c0000000)
  eden space 1024K, 0% used [0x000000076b000000,0x000000076b000000,0x000000076b100000)
  from space 512K, 25% used [0x000000076b180000,0x000000076b1a0000,0x000000076b200000)
  to   space 512K, 0% used [0x000000076b200000,0x000000076b200000,0x000000076b280000)
 ParOldGen       total 260608K, used 1010K [0x00000006c1000000, 0x00000006d0e80000, 0x000000076b000000)
  object space 260608K, 0% used [0x00000006c1000000,0x00000006c10fc8f0,0x00000006d0e80000)
 Metaspace       used 4619K, capacity 4794K, committed 4992K, reserved 1056768K
  class space    used 503K, capacity 554K, committed 640K, reserved 1048576K
}
Event: 6770.749 GC heap before
{Heap before GC invocations=72 (full 0):
 PSYoungGen      total 1536K, used 1152K [0x000000076b000000, 0x000000076b280000, 0x00000007c0000000)
  eden space 1024K, 100% used [0x000000076b000000,0x000000076b100000,0x000000076b100000)
  from space 512K, 25% used [0x000000076b180000,0x000000076b1a0000,0x000000076b200000)
  to   space 512K, 0% used [0x000000076b200000,0x000000076b200000,0x000000076b280000)
 ParOldGen       total 260608K, used 1010K [0x00000006c1000000, 0x00000006d0e80000, 0x000000076b000000)
  object space 260608K, 0% used [0x00000006c1000000,0x00000006c10fc8f0,0x00000006d0e80000)
 Metaspace       used 4619K, capacity 4794K, committed 4992K, reserved 1056768K
  class space    used 503K, capacity 554K, committed 640K, reserved 1048576K
Event: 6770.749 GC heap after
Heap after GC invocations=72 (full 0):
 PSYoungGen      total 1536K, used 128K [0x000000076b000000, 0x000000076b280000, 0x00000007c0000000)
  eden space 1024K, 0% used [0x000000076b000000,0x000000076b000000,0x000000076b100000)
  from space 512K, 25% used [0x000000076b200000,0x000000076b220000,0x000000076b280000)
  to   space 512K, 0% used [0x000000076b180000,0x000000076b180000,0x000000076b200000)
 ParOldGen       total 260608K, used 1010K [0x00000006c1000000, 0x00000006d0e80000, 0x000000076b000000)
  object space 260608K, 0% used [0x00000006c1000000,0x00000006c10fc8f0,0x00000006d0e80000)
 Metaspace       used 4619K, capacity 4794K, committed 4992K, reserved 1056768K
  class space    used 503K, capacity 554K, committed 640K, reserved 1048576K
}

